
> ai-holding-dashboard@0.1.0 build
> next build

  ▲ Next.js 14.2.15

   Creating an optimized production build ...
 ✓ Compiled successfully
   Linting and checking validity of types ...
   Collecting page data ...
   Generating static pages (0/12) ...
   Generating static pages (3/12) 
   Generating static pages (6/12) 
   Generating static pages (9/12) 
 ✓ Generating static pages (12/12)
   Finalizing page optimization ...
   Collecting build traces ...

Route (app)                              Size     First Load JS
┌ ○ /                                    4.75 kB        98.4 kB
├ ○ /_not-found                          873 B          88.1 kB
├ ○ /agents                              3.62 kB        98.8 kB
├ ƒ /agents/[id]                         6.38 kB        93.6 kB
├ ○ /approvals                           5.06 kB        92.3 kB
├ ○ /companies                           4.6 kB         91.8 kB
├ ○ /logs                                3.89 kB        91.1 kB
├ ○ /office                              392 B            94 kB
├ ○ /settings                            6.67 kB        93.9 kB
├ ○ /skills                              5.1 kB         92.3 kB
└ ○ /trading                             7.23 kB        94.4 kB
+ First Load JS shared by all            87.2 kB
  ├ chunks/117-dfee4ea52c34f0fc.js       31.6 kB
  ├ chunks/fd9d1056-40b89ee6a258ef49.js  53.6 kB
  └ other shared chunks (total)          1.96 kB


○  (Static)   prerendered as static content
ƒ  (Dynamic)  server-rendered on demand

