  ▲ Next.js 14.2.15
  - Local:        http://localhost:3000

 ✓ Starting...
 ⚠ "next start" does not work with "output: standalone" configuration. Use "node .next/standalone/server.js" instead.
 ✓ Ready in 599ms
TypeError: Cannot read properties of null (reading 'digest')
    at /home/kimi/projects/kimi/frontend/node_modules/next/dist/compiled/next-server/app-page.runtime.prod.js:13:19762
    at AsyncLocalStorage.run (node:internal/async_local_storage/async_hooks:91:14)
    at e_ (/home/kimi/projects/kimi/frontend/node_modules/next/dist/compiled/next-server/app-page.runtime.prod.js:12:141418)
    at /home/kimi/projects/kimi/frontend/node_modules/next/dist/compiled/next-server/app-page.runtime.prod.js:12:138760
    at process.processTicksAndRejections (node:internal/process/task_queues:103:5)
TypeError: Cannot read properties of null (reading 'digest')
    at /home/kimi/projects/kimi/frontend/node_modules/next/dist/compiled/next-server/app-page.runtime.prod.js:13:19762
    at AsyncLocalStorage.run (node:internal/async_local_storage/async_hooks:91:14)
    at e_ (/home/kimi/projects/kimi/frontend/node_modules/next/dist/compiled/next-server/app-page.runtime.prod.js:12:141418)
    at /home/kimi/projects/kimi/frontend/node_modules/next/dist/compiled/next-server/app-page.runtime.prod.js:12:138760
    at process.processTicksAndRejections (node:internal/process/task_queues:103:5)
TypeError: Cannot read properties of null (reading 'digest')
    at /home/kimi/projects/kimi/frontend/node_modules/next/dist/compiled/next-server/app-page.runtime.prod.js:13:19762
    at AsyncLocalStorage.run (node:internal/async_local_storage/async_hooks:91:14)
    at e_ (/home/kimi/projects/kimi/frontend/node_modules/next/dist/compiled/next-server/app-page.runtime.prod.js:12:141418)
    at /home/kimi/projects/kimi/frontend/node_modules/next/dist/compiled/next-server/app-page.runtime.prod.js:12:138760
    at process.processTicksAndRejections (node:internal/process/task_queues:103:5)
(node:3215388) [DEP0060] DeprecationWarning: The `util._extend` API is deprecated. Please use Object.assign() instead.
(Use `node --trace-deprecation ...` to show where the warning was created)
Error: Failed to find Server Action "x". This request might be from an older or newer deployment. Original error: Cannot read properties of undefined (reading 'workers')
    at rT (/home/kimi/projects/kimi/frontend/node_modules/next/dist/compiled/next-server/app-page.runtime.prod.js:16:1766)
    at /home/kimi/projects/kimi/frontend/node_modules/next/dist/compiled/next-server/app-page.runtime.prod.js:16:303
    at process.processTicksAndRejections (node:internal/process/task_queues:103:5)
    at async rE (/home/kimi/projects/kimi/frontend/node_modules/next/dist/compiled/next-server/app-page.runtime.prod.js:15:8148)
    at async r7 (/home/kimi/projects/kimi/frontend/node_modules/next/dist/compiled/next-server/app-page.runtime.prod.js:18:1144)
    at async doRender (/home/kimi/projects/kimi/frontend/node_modules/next/dist/server/base-server.js:1413:30)
    at async cacheEntry.responseCache.get.routeKind (/home/kimi/projects/kimi/frontend/node_modules/next/dist/server/base-server.js:1574:28)
    at async NextNodeServer.renderToResponseWithComponentsImpl (/home/kimi/projects/kimi/frontend/node_modules/next/dist/server/base-server.js:1482:28)
    at async NextNodeServer.renderErrorToResponseImpl (/home/kimi/projects/kimi/frontend/node_modules/next/dist/server/base-server.js:2166:24)
    at async pipe.req.req (/home/kimi/projects/kimi/frontend/node_modules/next/dist/server/base-server.js:2040:30)
Error: Failed to find Server Action "x". This request might be from an older or newer deployment. Original error: Cannot read properties of undefined (reading 'workers')
    at rT (/home/kimi/projects/kimi/frontend/node_modules/next/dist/compiled/next-server/app-page.runtime.prod.js:16:1766)
    at /home/kimi/projects/kimi/frontend/node_modules/next/dist/compiled/next-server/app-page.runtime.prod.js:16:303
    at process.processTicksAndRejections (node:internal/process/task_queues:103:5)
    at async rE (/home/kimi/projects/kimi/frontend/node_modules/next/dist/compiled/next-server/app-page.runtime.prod.js:15:8148)
    at async r7 (/home/kimi/projects/kimi/frontend/node_modules/next/dist/compiled/next-server/app-page.runtime.prod.js:18:1144)
    at async doRender (/home/kimi/projects/kimi/frontend/node_modules/next/dist/server/base-server.js:1413:30)
    at async cacheEntry.responseCache.get.routeKind (/home/kimi/projects/kimi/frontend/node_modules/next/dist/server/base-server.js:1574:28)
    at async NextNodeServer.renderToResponseWithComponentsImpl (/home/kimi/projects/kimi/frontend/node_modules/next/dist/server/base-server.js:1482:28)
    at async NextNodeServer.renderErrorToResponseImpl (/home/kimi/projects/kimi/frontend/node_modules/next/dist/server/base-server.js:2166:24)
    at async pipe.req.req (/home/kimi/projects/kimi/frontend/node_modules/next/dist/server/base-server.js:2040:30)
Error: Failed to find Server Action "x". This request might be from an older or newer deployment. Original error: Cannot read properties of undefined (reading 'workers')
    at rT (/home/kimi/projects/kimi/frontend/node_modules/next/dist/compiled/next-server/app-page.runtime.prod.js:16:1766)
    at /home/kimi/projects/kimi/frontend/node_modules/next/dist/compiled/next-server/app-page.runtime.prod.js:16:303
    at process.processTicksAndRejections (node:internal/process/task_queues:103:5)
    at async rE (/home/kimi/projects/kimi/frontend/node_modules/next/dist/compiled/next-server/app-page.runtime.prod.js:15:8148)
    at async r7 (/home/kimi/projects/kimi/frontend/node_modules/next/dist/compiled/next-server/app-page.runtime.prod.js:18:1144)
    at async doRender (/home/kimi/projects/kimi/frontend/node_modules/next/dist/server/base-server.js:1413:30)
    at async cacheEntry.responseCache.get.routeKind (/home/kimi/projects/kimi/frontend/node_modules/next/dist/server/base-server.js:1574:28)
    at async NextNodeServer.renderToResponseWithComponentsImpl (/home/kimi/projects/kimi/frontend/node_modules/next/dist/server/base-server.js:1482:28)
    at async NextNodeServer.renderErrorToResponseImpl (/home/kimi/projects/kimi/frontend/node_modules/next/dist/server/base-server.js:2166:24)
    at async pipe.req.req (/home/kimi/projects/kimi/frontend/node_modules/next/dist/server/base-server.js:2040:30)
Error: Failed to find Server Action "x". This request might be from an older or newer deployment. Original error: Cannot read properties of undefined (reading 'workers')
    at rT (/home/kimi/projects/kimi/frontend/node_modules/next/dist/compiled/next-server/app-page.runtime.prod.js:16:1766)
    at /home/kimi/projects/kimi/frontend/node_modules/next/dist/compiled/next-server/app-page.runtime.prod.js:16:303
    at process.processTicksAndRejections (node:internal/process/task_queues:103:5)
    at async rE (/home/kimi/projects/kimi/frontend/node_modules/next/dist/compiled/next-server/app-page.runtime.prod.js:15:8148)
    at async r7 (/home/kimi/projects/kimi/frontend/node_modules/next/dist/compiled/next-server/app-page.runtime.prod.js:18:1144)
    at async doRender (/home/kimi/projects/kimi/frontend/node_modules/next/dist/server/base-server.js:1413:30)
    at async cacheEntry.responseCache.get.routeKind (/home/kimi/projects/kimi/frontend/node_modules/next/dist/server/base-server.js:1574:28)
    at async NextNodeServer.renderToResponseWithComponentsImpl (/home/kimi/projects/kimi/frontend/node_modules/next/dist/server/base-server.js:1482:28)
    at async NextNodeServer.renderErrorToResponseImpl (/home/kimi/projects/kimi/frontend/node_modules/next/dist/server/base-server.js:2166:24)
    at async pipe.req.req (/home/kimi/projects/kimi/frontend/node_modules/next/dist/server/base-server.js:2040:30)
Error: Failed to find Server Action "x". This request might be from an older or newer deployment. Original error: Cannot read properties of undefined (reading 'workers')
    at rT (/home/kimi/projects/kimi/frontend/node_modules/next/dist/compiled/next-server/app-page.runtime.prod.js:16:1766)
    at /home/kimi/projects/kimi/frontend/node_modules/next/dist/compiled/next-server/app-page.runtime.prod.js:16:303
    at process.processTicksAndRejections (node:internal/process/task_queues:103:5)
    at async rE (/home/kimi/projects/kimi/frontend/node_modules/next/dist/compiled/next-server/app-page.runtime.prod.js:15:8148)
    at async r7 (/home/kimi/projects/kimi/frontend/node_modules/next/dist/compiled/next-server/app-page.runtime.prod.js:18:1144)
    at async doRender (/home/kimi/projects/kimi/frontend/node_modules/next/dist/server/base-server.js:1413:30)
    at async cacheEntry.responseCache.get.routeKind (/home/kimi/projects/kimi/frontend/node_modules/next/dist/server/base-server.js:1574:28)
    at async NextNodeServer.renderToResponseWithComponentsImpl (/home/kimi/projects/kimi/frontend/node_modules/next/dist/server/base-server.js:1482:28)
    at async NextNodeServer.renderErrorToResponseImpl (/home/kimi/projects/kimi/frontend/node_modules/next/dist/server/base-server.js:2166:24)
    at async pipe.req.req (/home/kimi/projects/kimi/frontend/node_modules/next/dist/server/base-server.js:2040:30)
Error: Failed to find Server Action "x". This request might be from an older or newer deployment. Original error: Cannot read properties of undefined (reading 'workers')
    at rT (/home/kimi/projects/kimi/frontend/node_modules/next/dist/compiled/next-server/app-page.runtime.prod.js:16:1766)
    at /home/kimi/projects/kimi/frontend/node_modules/next/dist/compiled/next-server/app-page.runtime.prod.js:16:303
    at process.processTicksAndRejections (node:internal/process/task_queues:103:5)
    at async rE (/home/kimi/projects/kimi/frontend/node_modules/next/dist/compiled/next-server/app-page.runtime.prod.js:15:8148)
    at async r7 (/home/kimi/projects/kimi/frontend/node_modules/next/dist/compiled/next-server/app-page.runtime.prod.js:18:1144)
    at async doRender (/home/kimi/projects/kimi/frontend/node_modules/next/dist/server/base-server.js:1413:30)
    at async cacheEntry.responseCache.get.routeKind (/home/kimi/projects/kimi/frontend/node_modules/next/dist/server/base-server.js:1574:28)
    at async NextNodeServer.renderToResponseWithComponentsImpl (/home/kimi/projects/kimi/frontend/node_modules/next/dist/server/base-server.js:1482:28)
    at async NextNodeServer.renderPageComponent (/home/kimi/projects/kimi/frontend/node_modules/next/dist/server/base-server.js:1908:24)
    at async NextNodeServer.renderToResponseImpl (/home/kimi/projects/kimi/frontend/node_modules/next/dist/server/base-server.js:1946:32)
TypeError: Cannot read properties of null (reading 'digest')
    at /home/kimi/projects/kimi/frontend/node_modules/next/dist/compiled/next-server/app-page.runtime.prod.js:13:19762
    at AsyncLocalStorage.run (node:internal/async_local_storage/async_hooks:91:14)
    at e_ (/home/kimi/projects/kimi/frontend/node_modules/next/dist/compiled/next-server/app-page.runtime.prod.js:12:141418)
    at /home/kimi/projects/kimi/frontend/node_modules/next/dist/compiled/next-server/app-page.runtime.prod.js:12:138760
    at process.processTicksAndRejections (node:internal/process/task_queues:103:5)
TypeError: Cannot read properties of null (reading 'digest')
    at /home/kimi/projects/kimi/frontend/node_modules/next/dist/compiled/next-server/app-page.runtime.prod.js:13:19762
    at AsyncLocalStorage.run (node:internal/async_local_storage/async_hooks:91:14)
    at e_ (/home/kimi/projects/kimi/frontend/node_modules/next/dist/compiled/next-server/app-page.runtime.prod.js:12:141418)
    at /home/kimi/projects/kimi/frontend/node_modules/next/dist/compiled/next-server/app-page.runtime.prod.js:12:138760
    at process.processTicksAndRejections (node:internal/process/task_queues:103:5)
TypeError: Cannot read properties of null (reading 'digest')
    at /home/kimi/projects/kimi/frontend/node_modules/next/dist/compiled/next-server/app-page.runtime.prod.js:13:19762
    at AsyncLocalStorage.run (node:internal/async_local_storage/async_hooks:91:14)
    at e_ (/home/kimi/projects/kimi/frontend/node_modules/next/dist/compiled/next-server/app-page.runtime.prod.js:12:141418)
    at /home/kimi/projects/kimi/frontend/node_modules/next/dist/compiled/next-server/app-page.runtime.prod.js:12:138760
    at process.processTicksAndRejections (node:internal/process/task_queues:103:5)
Error: Failed to find Server Action "x". This request might be from an older or newer deployment. Original error: Cannot read properties of undefined (reading 'workers')
    at rT (/home/kimi/projects/kimi/frontend/node_modules/next/dist/compiled/next-server/app-page.runtime.prod.js:16:1766)
    at /home/kimi/projects/kimi/frontend/node_modules/next/dist/compiled/next-server/app-page.runtime.prod.js:16:303
    at process.processTicksAndRejections (node:internal/process/task_queues:103:5)
    at async rE (/home/kimi/projects/kimi/frontend/node_modules/next/dist/compiled/next-server/app-page.runtime.prod.js:15:8148)
    at async r7 (/home/kimi/projects/kimi/frontend/node_modules/next/dist/compiled/next-server/app-page.runtime.prod.js:18:1144)
    at async doRender (/home/kimi/projects/kimi/frontend/node_modules/next/dist/server/base-server.js:1413:30)
    at async cacheEntry.responseCache.get.routeKind (/home/kimi/projects/kimi/frontend/node_modules/next/dist/server/base-server.js:1574:28)
    at async NextNodeServer.renderToResponseWithComponentsImpl (/home/kimi/projects/kimi/frontend/node_modules/next/dist/server/base-server.js:1482:28)
    at async NextNodeServer.renderPageComponent (/home/kimi/projects/kimi/frontend/node_modules/next/dist/server/base-server.js:1908:24)
    at async NextNodeServer.renderToResponseImpl (/home/kimi/projects/kimi/frontend/node_modules/next/dist/server/base-server.js:1946:32)
Error: Failed to find Server Action "x". This request might be from an older or newer deployment. Original error: Cannot read properties of undefined (reading 'workers')
    at rT (/home/kimi/projects/kimi/frontend/node_modules/next/dist/compiled/next-server/app-page.runtime.prod.js:16:1766)
    at /home/kimi/projects/kimi/frontend/node_modules/next/dist/compiled/next-server/app-page.runtime.prod.js:16:303
    at process.processTicksAndRejections (node:internal/process/task_queues:103:5)
    at async rE (/home/kimi/projects/kimi/frontend/node_modules/next/dist/compiled/next-server/app-page.runtime.prod.js:15:8148)
    at async r7 (/home/kimi/projects/kimi/frontend/node_modules/next/dist/compiled/next-server/app-page.runtime.prod.js:18:1144)
    at async doRender (/home/kimi/projects/kimi/frontend/node_modules/next/dist/server/base-server.js:1413:30)
    at async cacheEntry.responseCache.get.routeKind (/home/kimi/projects/kimi/frontend/node_modules/next/dist/server/base-server.js:1574:28)
    at async NextNodeServer.renderToResponseWithComponentsImpl (/home/kimi/projects/kimi/frontend/node_modules/next/dist/server/base-server.js:1482:28)
    at async NextNodeServer.renderErrorToResponseImpl (/home/kimi/projects/kimi/frontend/node_modules/next/dist/server/base-server.js:2166:24)
    at async pipe.req.req (/home/kimi/projects/kimi/frontend/node_modules/next/dist/server/base-server.js:2040:30)
Error: Failed to find Server Action "x". This request might be from an older or newer deployment. Original error: Cannot read properties of undefined (reading 'workers')
    at rT (/home/kimi/projects/kimi/frontend/node_modules/next/dist/compiled/next-server/app-page.runtime.prod.js:16:1766)
    at /home/kimi/projects/kimi/frontend/node_modules/next/dist/compiled/next-server/app-page.runtime.prod.js:16:303
    at process.processTicksAndRejections (node:internal/process/task_queues:103:5)
    at async rE (/home/kimi/projects/kimi/frontend/node_modules/next/dist/compiled/next-server/app-page.runtime.prod.js:15:8148)
    at async r7 (/home/kimi/projects/kimi/frontend/node_modules/next/dist/compiled/next-server/app-page.runtime.prod.js:18:1144)
    at async doRender (/home/kimi/projects/kimi/frontend/node_modules/next/dist/server/base-server.js:1413:30)
    at async cacheEntry.responseCache.get.routeKind (/home/kimi/projects/kimi/frontend/node_modules/next/dist/server/base-server.js:1574:28)
    at async NextNodeServer.renderToResponseWithComponentsImpl (/home/kimi/projects/kimi/frontend/node_modules/next/dist/server/base-server.js:1482:28)
    at async NextNodeServer.renderPageComponent (/home/kimi/projects/kimi/frontend/node_modules/next/dist/server/base-server.js:1908:24)
    at async NextNodeServer.renderToResponseImpl (/home/kimi/projects/kimi/frontend/node_modules/next/dist/server/base-server.js:1946:32)
Error: Failed to find Server Action "x". This request might be from an older or newer deployment. Original error: Cannot read properties of undefined (reading 'workers')
    at rT (/home/kimi/projects/kimi/frontend/node_modules/next/dist/compiled/next-server/app-page.runtime.prod.js:16:1766)
    at /home/kimi/projects/kimi/frontend/node_modules/next/dist/compiled/next-server/app-page.runtime.prod.js:16:303
    at process.processTicksAndRejections (node:internal/process/task_queues:103:5)
    at async rE (/home/kimi/projects/kimi/frontend/node_modules/next/dist/compiled/next-server/app-page.runtime.prod.js:15:8148)
    at async r7 (/home/kimi/projects/kimi/frontend/node_modules/next/dist/compiled/next-server/app-page.runtime.prod.js:18:1144)
    at async doRender (/home/kimi/projects/kimi/frontend/node_modules/next/dist/server/base-server.js:1413:30)
    at async cacheEntry.responseCache.get.routeKind (/home/kimi/projects/kimi/frontend/node_modules/next/dist/server/base-server.js:1574:28)
    at async NextNodeServer.renderToResponseWithComponentsImpl (/home/kimi/projects/kimi/frontend/node_modules/next/dist/server/base-server.js:1482:28)
    at async NextNodeServer.renderPageComponent (/home/kimi/projects/kimi/frontend/node_modules/next/dist/server/base-server.js:1908:24)
    at async NextNodeServer.renderToResponseImpl (/home/kimi/projects/kimi/frontend/node_modules/next/dist/server/base-server.js:1946:32)
TypeError: Cannot read properties of null (reading 'digest')
    at /home/kimi/projects/kimi/frontend/node_modules/next/dist/compiled/next-server/app-page.runtime.prod.js:13:19762
    at AsyncLocalStorage.run (node:internal/async_local_storage/async_hooks:91:14)
    at e_ (/home/kimi/projects/kimi/frontend/node_modules/next/dist/compiled/next-server/app-page.runtime.prod.js:12:141418)
    at /home/kimi/projects/kimi/frontend/node_modules/next/dist/compiled/next-server/app-page.runtime.prod.js:12:138760
    at process.processTicksAndRejections (node:internal/process/task_queues:103:5)
Error: Failed to find Server Action "x". This request might be from an older or newer deployment. Original error: Cannot read properties of undefined (reading 'workers')
    at rT (/home/kimi/projects/kimi/frontend/node_modules/next/dist/compiled/next-server/app-page.runtime.prod.js:16:1766)
    at /home/kimi/projects/kimi/frontend/node_modules/next/dist/compiled/next-server/app-page.runtime.prod.js:16:303
    at process.processTicksAndRejections (node:internal/process/task_queues:103:5)
    at async rE (/home/kimi/projects/kimi/frontend/node_modules/next/dist/compiled/next-server/app-page.runtime.prod.js:15:8148)
    at async r7 (/home/kimi/projects/kimi/frontend/node_modules/next/dist/compiled/next-server/app-page.runtime.prod.js:18:1144)
    at async doRender (/home/kimi/projects/kimi/frontend/node_modules/next/dist/server/base-server.js:1413:30)
    at async cacheEntry.responseCache.get.routeKind (/home/kimi/projects/kimi/frontend/node_modules/next/dist/server/base-server.js:1574:28)
    at async NextNodeServer.renderToResponseWithComponentsImpl (/home/kimi/projects/kimi/frontend/node_modules/next/dist/server/base-server.js:1482:28)
    at async NextNodeServer.renderErrorToResponseImpl (/home/kimi/projects/kimi/frontend/node_modules/next/dist/server/base-server.js:2166:24)
    at async pipe.req.req (/home/kimi/projects/kimi/frontend/node_modules/next/dist/server/base-server.js:2040:30)
TypeError: Cannot read properties of null (reading 'digest')
    at /home/kimi/projects/kimi/frontend/node_modules/next/dist/compiled/next-server/app-page.runtime.prod.js:13:19762
    at AsyncLocalStorage.run (node:internal/async_local_storage/async_hooks:91:14)
    at e_ (/home/kimi/projects/kimi/frontend/node_modules/next/dist/compiled/next-server/app-page.runtime.prod.js:12:141418)
    at /home/kimi/projects/kimi/frontend/node_modules/next/dist/compiled/next-server/app-page.runtime.prod.js:12:138760
    at process.processTicksAndRejections (node:internal/process/task_queues:103:5)
TypeError: Cannot read properties of null (reading 'digest')
    at /home/kimi/projects/kimi/frontend/node_modules/next/dist/compiled/next-server/app-page.runtime.prod.js:13:19762
    at AsyncLocalStorage.run (node:internal/async_local_storage/async_hooks:91:14)
    at e_ (/home/kimi/projects/kimi/frontend/node_modules/next/dist/compiled/next-server/app-page.runtime.prod.js:12:141418)
    at /home/kimi/projects/kimi/frontend/node_modules/next/dist/compiled/next-server/app-page.runtime.prod.js:12:138760
    at process.processTicksAndRejections (node:internal/process/task_queues:103:5)
Error: Failed to find Server Action "x". This request might be from an older or newer deployment. Original error: Cannot read properties of undefined (reading 'workers')
    at rT (/home/kimi/projects/kimi/frontend/node_modules/next/dist/compiled/next-server/app-page.runtime.prod.js:16:1766)
    at /home/kimi/projects/kimi/frontend/node_modules/next/dist/compiled/next-server/app-page.runtime.prod.js:16:303
    at process.processTicksAndRejections (node:internal/process/task_queues:103:5)
    at async rE (/home/kimi/projects/kimi/frontend/node_modules/next/dist/compiled/next-server/app-page.runtime.prod.js:15:8148)
    at async r7 (/home/kimi/projects/kimi/frontend/node_modules/next/dist/compiled/next-server/app-page.runtime.prod.js:18:1144)
    at async doRender (/home/kimi/projects/kimi/frontend/node_modules/next/dist/server/base-server.js:1413:30)
    at async cacheEntry.responseCache.get.routeKind (/home/kimi/projects/kimi/frontend/node_modules/next/dist/server/base-server.js:1574:28)
    at async NextNodeServer.renderToResponseWithComponentsImpl (/home/kimi/projects/kimi/frontend/node_modules/next/dist/server/base-server.js:1482:28)
    at async NextNodeServer.renderPageComponent (/home/kimi/projects/kimi/frontend/node_modules/next/dist/server/base-server.js:1908:24)
    at async NextNodeServer.renderToResponseImpl (/home/kimi/projects/kimi/frontend/node_modules/next/dist/server/base-server.js:1946:32)
Error: Failed to find Server Action "x". This request might be from an older or newer deployment. Original error: Cannot read properties of undefined (reading 'workers')
    at rT (/home/kimi/projects/kimi/frontend/node_modules/next/dist/compiled/next-server/app-page.runtime.prod.js:16:1766)
    at /home/kimi/projects/kimi/frontend/node_modules/next/dist/compiled/next-server/app-page.runtime.prod.js:16:303
    at process.processTicksAndRejections (node:internal/process/task_queues:103:5)
    at async rE (/home/kimi/projects/kimi/frontend/node_modules/next/dist/compiled/next-server/app-page.runtime.prod.js:15:8148)
    at async r7 (/home/kimi/projects/kimi/frontend/node_modules/next/dist/compiled/next-server/app-page.runtime.prod.js:18:1144)
    at async doRender (/home/kimi/projects/kimi/frontend/node_modules/next/dist/server/base-server.js:1413:30)
    at async cacheEntry.responseCache.get.routeKind (/home/kimi/projects/kimi/frontend/node_modules/next/dist/server/base-server.js:1574:28)
    at async NextNodeServer.renderToResponseWithComponentsImpl (/home/kimi/projects/kimi/frontend/node_modules/next/dist/server/base-server.js:1482:28)
    at async NextNodeServer.renderPageComponent (/home/kimi/projects/kimi/frontend/node_modules/next/dist/server/base-server.js:1908:24)
    at async NextNodeServer.renderToResponseImpl (/home/kimi/projects/kimi/frontend/node_modules/next/dist/server/base-server.js:1946:32)
Error: Failed to find Server Action "x". This request might be from an older or newer deployment. Original error: Cannot read properties of undefined (reading 'workers')
    at rT (/home/kimi/projects/kimi/frontend/node_modules/next/dist/compiled/next-server/app-page.runtime.prod.js:16:1766)
    at /home/kimi/projects/kimi/frontend/node_modules/next/dist/compiled/next-server/app-page.runtime.prod.js:16:303
    at process.processTicksAndRejections (node:internal/process/task_queues:103:5)
    at async rE (/home/kimi/projects/kimi/frontend/node_modules/next/dist/compiled/next-server/app-page.runtime.prod.js:15:8148)
    at async r7 (/home/kimi/projects/kimi/frontend/node_modules/next/dist/compiled/next-server/app-page.runtime.prod.js:18:1144)
    at async doRender (/home/kimi/projects/kimi/frontend/node_modules/next/dist/server/base-server.js:1413:30)
    at async cacheEntry.responseCache.get.routeKind (/home/kimi/projects/kimi/frontend/node_modules/next/dist/server/base-server.js:1574:28)
    at async NextNodeServer.renderToResponseWithComponentsImpl (/home/kimi/projects/kimi/frontend/node_modules/next/dist/server/base-server.js:1482:28)
    at async NextNodeServer.renderErrorToResponseImpl (/home/kimi/projects/kimi/frontend/node_modules/next/dist/server/base-server.js:2166:24)
    at async pipe.req.req (/home/kimi/projects/kimi/frontend/node_modules/next/dist/server/base-server.js:2040:30)
Error: Failed to find Server Action "x". This request might be from an older or newer deployment. Original error: Cannot read properties of undefined (reading 'workers')
    at rT (/home/kimi/projects/kimi/frontend/node_modules/next/dist/compiled/next-server/app-page.runtime.prod.js:16:1766)
    at /home/kimi/projects/kimi/frontend/node_modules/next/dist/compiled/next-server/app-page.runtime.prod.js:16:303
    at process.processTicksAndRejections (node:internal/process/task_queues:103:5)
    at async rE (/home/kimi/projects/kimi/frontend/node_modules/next/dist/compiled/next-server/app-page.runtime.prod.js:15:8148)
    at async r7 (/home/kimi/projects/kimi/frontend/node_modules/next/dist/compiled/next-server/app-page.runtime.prod.js:18:1144)
    at async doRender (/home/kimi/projects/kimi/frontend/node_modules/next/dist/server/base-server.js:1413:30)
    at async cacheEntry.responseCache.get.routeKind (/home/kimi/projects/kimi/frontend/node_modules/next/dist/server/base-server.js:1574:28)
    at async NextNodeServer.renderToResponseWithComponentsImpl (/home/kimi/projects/kimi/frontend/node_modules/next/dist/server/base-server.js:1482:28)
    at async NextNodeServer.renderErrorToResponseImpl (/home/kimi/projects/kimi/frontend/node_modules/next/dist/server/base-server.js:2166:24)
    at async pipe.req.req (/home/kimi/projects/kimi/frontend/node_modules/next/dist/server/base-server.js:2040:30)
Error: Failed to find Server Action "x". This request might be from an older or newer deployment. Original error: Cannot read properties of undefined (reading 'workers')
    at rT (/home/kimi/projects/kimi/frontend/node_modules/next/dist/compiled/next-server/app-page.runtime.prod.js:16:1766)
    at /home/kimi/projects/kimi/frontend/node_modules/next/dist/compiled/next-server/app-page.runtime.prod.js:16:303
    at process.processTicksAndRejections (node:internal/process/task_queues:103:5)
    at async rE (/home/kimi/projects/kimi/frontend/node_modules/next/dist/compiled/next-server/app-page.runtime.prod.js:15:8148)
    at async r7 (/home/kimi/projects/kimi/frontend/node_modules/next/dist/compiled/next-server/app-page.runtime.prod.js:18:1144)
    at async doRender (/home/kimi/projects/kimi/frontend/node_modules/next/dist/server/base-server.js:1413:30)
    at async cacheEntry.responseCache.get.routeKind (/home/kimi/projects/kimi/frontend/node_modules/next/dist/server/base-server.js:1574:28)
    at async NextNodeServer.renderToResponseWithComponentsImpl (/home/kimi/projects/kimi/frontend/node_modules/next/dist/server/base-server.js:1482:28)
    at async NextNodeServer.renderErrorToResponseImpl (/home/kimi/projects/kimi/frontend/node_modules/next/dist/server/base-server.js:2166:24)
    at async pipe.req.req (/home/kimi/projects/kimi/frontend/node_modules/next/dist/server/base-server.js:2040:30)
